<?xml version="1.0" encoding="UTF-8"?>
<!-- Generated by org.testng.reporters.JUnitXMLReporter -->
<testsuite hostname="C1900-PC" name="Test-class test 1" tests="1" failures="0" timestamp="27 Oct 2017 05:24:47 GMT" time="15.076" errors="0">
  <testcase name="main" time="15.055" classname="KeywordDrivenFramework.DriverScript"/>
</testsuite> <!-- Test-class test 1 -->
