<?xml version="1.0" encoding="UTF-8"?>
<!-- Generated by org.testng.reporters.JUnitXMLReporter -->
<testsuite hostname="C1900-PC" name="Test-class test 3" tests="1" failures="1" timestamp="27 Oct 2017 05:24:47 GMT" time="15.313" errors="0">
  <testcase name="main" time="15.293" classname="KeywordDrivenFramework.DriverScript">
    <failure type="java.lang.NullPointerException">
      <![CDATA[java.lang.NullPointerException
	at com.mysql.jdbc.ResultSetImpl.buildIndexMapping(ResultSetImpl.java:709)
	at com.mysql.jdbc.ResultSetImpl.findColumn(ResultSetImpl.java:1069)
	at com.mysql.jdbc.ResultSetImpl.getString(ResultSetImpl.java:5488)
	at SupportingClasses.databaseOperartions.read_data(databaseOperartions.java:113)
	at KeywordDrivenFramework.DriverScript.main(DriverScript.java:87)
	at java.util.concurrent.FutureTask.run(Unknown Source)
	at java.util.concurrent.ThreadPoolExecutor.runWorker(Unknown Source)
	at java.util.concurrent.ThreadPoolExecutor$Worker.run(Unknown Source)
	at java.lang.Thread.run(Unknown Source)
... Removed 16 stack frames]]>
    </failure>
  </testcase> <!-- main -->
</testsuite> <!-- Test-class test 3 -->
