<?xml version="1.0" encoding="UTF-8"?>
<!-- Generated by org.testng.reporters.JUnitReportReporter -->
<testsuite hostname="C1900-PC" name="KeywordDrivenFramework.DriverScript" tests="1" failures="0" timestamp="3 Jan 2018 13:14:18 GMT" time="17.715" errors="0">
  <testcase name="main" time="17.715" classname="KeywordDrivenFramework.DriverScript"/>
</testsuite> <!-- KeywordDrivenFramework.DriverScript -->
